<?xml version="1.0" encoding="UTF-8"?>
<testsuite name="Academy Choucair" tests="1" skipped="0" failures="0" errors="0" timestamp="2021-09-22T16:00:46" hostname="PO-5457-X5G63" time="28.999">
  <properties/>
  <testcase name="Buscar un curso de automatización." classname="Academy Choucair" time="28.999"/>
  <system-out><![CDATA[]]></system-out>
  <system-err><![CDATA[[Test worker] WARN net.thucydides.core.steps.BaseStepListener - stepStarted: net.thucydides.core.steps.ExecutedStepDescription@4a9a58cf
[Test worker] WARN net.thucydides.core.steps.BaseStepListener - stepStarted: net.thucydides.core.steps.ExecutedStepDescription@2fb47f62
[Test worker] WARN net.thucydides.core.steps.BaseStepListener - stepStarted: net.thucydides.core.steps.ExecutedStepDescription@4f1d1a3a
sep 22, 2021 11:00:48 AM org.openqa.selenium.remote.DesiredCapabilities chrome
INFORMACIÓN: Using `new ChromeOptions()` is preferred to `DesiredCapabilities.chrome()`
[Test worker] INFO net.serenitybdd.core.webdriver.driverproviders.ProvideNewDriver - Instantiating driver
[Test worker] INFO net.serenitybdd.core.webdriver.driverproviders.ProvideNewDriver - Driver capabilities: Capabilities {acceptInsecureCerts: false, browserName: chrome, chrome.switches: --start-maximized, goog:chromeOptions: {args: [--start-maximized], extensions: []}, loggingPrefs: org.openqa.selenium.logging..., platform: ANY, version: }
Starting ChromeDriver 92.0.4515.107 (87a818b10553a07434ea9e2b6dccf3cbe7895134-refs/branch-heads/4515@{#1634}) on port 17028
Only local connections are allowed.
Please see https://chromedriver.chromium.org/security-considerations for suggestions on keeping ChromeDriver safe.
ChromeDriver was started successfully.
[1632326452.608][WARNING]: This version of ChromeDriver has not been tested with Chrome version 93.
sep 22, 2021 11:00:52 AM org.openqa.selenium.remote.ProtocolHandshake createSession
INFORMACIÓN: Detected dialect: W3C
[Test worker] WARN net.thucydides.core.steps.BaseStepListener - stepFinished: current outcome:Buscar un curso de automatización.:Dado que Jhonatan quiere ingresar a choucair academy
| strUser | strPassword |
| 1064189399 | 1064189399Jp@ | [Jhonatan buscar [Jhonatan opens the Choucair academy page]]
[Test worker] WARN net.thucydides.core.steps.BaseStepListener - stepFinished: current outcome:Buscar un curso de automatización.:Dado que Jhonatan quiere ingresar a choucair academy
| strUser | strPassword |
| 1064189399 | 1064189399Jp@ | [Jhonatan buscar [Jhonatan opens the Choucair academy page]]
[Test worker] WARN net.thucydides.core.steps.BaseStepListener - stepStarted: net.thucydides.core.steps.ExecutedStepDescription@71f95d63
[Test worker] WARN net.thucydides.core.steps.BaseStepListener - stepStarted: net.thucydides.core.steps.ExecutedStepDescription@71957849
[Test worker] WARN net.thucydides.core.steps.BaseStepListener - stepFinished: current outcome:Buscar un curso de automatización.:Dado que Jhonatan quiere ingresar a choucair academy
| strUser | strPassword |
| 1064189399 | 1064189399Jp@ | [Jhonatan buscar [Jhonatan opens the Choucair academy page], Jhonatan login [Jhonatan clicks on Dar click para mostrar el formulario de login]]
[Test worker] WARN net.thucydides.core.steps.BaseStepListener - stepStarted: net.thucydides.core.steps.ExecutedStepDescription@72a9cb2c
[Test worker] WARN net.thucydides.core.steps.BaseStepListener - stepFinished: current outcome:Buscar un curso de automatización.:Dado que Jhonatan quiere ingresar a choucair academy
| strUser | strPassword |
| 1064189399 | 1064189399Jp@ | [Jhonatan buscar [Jhonatan opens the Choucair academy page], Jhonatan login [Jhonatan clicks on Dar click para mostrar el formulario de login, Jhonatan enters '1064189399' into Ingresar el nombre de usuario]]
[Test worker] WARN net.thucydides.core.steps.BaseStepListener - stepStarted: net.thucydides.core.steps.ExecutedStepDescription@51e432c
[Test worker] WARN net.thucydides.core.steps.BaseStepListener - stepFinished: current outcome:Buscar un curso de automatización.:Dado que Jhonatan quiere ingresar a choucair academy
| strUser | strPassword |
| 1064189399 | 1064189399Jp@ | [Jhonatan buscar [Jhonatan opens the Choucair academy page], Jhonatan login [Jhonatan clicks on Dar click para mostrar el formulario de login, Jhonatan enters '1064189399' into Ingresar el nombre de usuario, Jhonatan enters '1064189399Jp@' into Ingresar la contraseÃ±a]]
[Test worker] WARN net.thucydides.core.steps.BaseStepListener - stepStarted: net.thucydides.core.steps.ExecutedStepDescription@6843e3a3
[Test worker] WARN net.thucydides.core.steps.BaseStepListener - stepFinished: current outcome:Buscar un curso de automatización.:Dado que Jhonatan quiere ingresar a choucair academy
| strUser | strPassword |
| 1064189399 | 1064189399Jp@ | [Jhonatan buscar [Jhonatan opens the Choucair academy page], Jhonatan login [Jhonatan clicks on Dar click para mostrar el formulario de login, Jhonatan enters '1064189399' into Ingresar el nombre de usuario, Jhonatan enters '1064189399Jp@' into Ingresar la contraseÃ±a, Jhonatan clicks on Dar click para ingresar a la pagina]]
[Test worker] WARN net.thucydides.core.steps.BaseStepListener - stepFinished: current outcome:Buscar un curso de automatización.:Dado que Jhonatan quiere ingresar a choucair academy
| strUser | strPassword |
| 1064189399 | 1064189399Jp@ | [Jhonatan buscar [Jhonatan opens the Choucair academy page], Jhonatan login [Jhonatan clicks on Dar click para mostrar el formulario de login, Jhonatan enters '1064189399' into Ingresar el nombre de usuario, Jhonatan enters '1064189399Jp@' into Ingresar la contraseÃ±a, Jhonatan clicks on Dar click para ingresar a la pagina]]
[Test worker] WARN net.thucydides.core.steps.BaseStepListener - stepFinished: current outcome:Buscar un curso de automatización.:Dado que Jhonatan quiere ingresar a choucair academy
| strUser | strPassword |
| 1064189399 | 1064189399Jp@ | [Jhonatan buscar [Jhonatan opens the Choucair academy page], Jhonatan login [Jhonatan clicks on Dar click para mostrar el formulario de login, Jhonatan enters '1064189399' into Ingresar el nombre de usuario, Jhonatan enters '1064189399Jp@' into Ingresar la contraseÃ±a, Jhonatan clicks on Dar click para ingresar a la pagina]]
[Test worker] WARN net.thucydides.core.steps.BaseStepListener - stepStarted: net.thucydides.core.steps.ExecutedStepDescription@2c8c953c
[Test worker] WARN net.thucydides.core.steps.BaseStepListener - stepStarted: net.thucydides.core.steps.ExecutedStepDescription@7d661ca0
[Test worker] WARN net.thucydides.core.steps.BaseStepListener - stepStarted: net.thucydides.core.steps.ExecutedStepDescription@74f1ab35
[Test worker] WARN net.thucydides.core.steps.BaseStepListener - stepFinished: current outcome:Buscar un curso de automatización.:Dado que Jhonatan quiere ingresar a choucair academy
| strUser | strPassword |
| 1064189399 | 1064189399Jp@ | [Jhonatan buscar [Jhonatan opens the Choucair academy page], Jhonatan login [Jhonatan clicks on Dar click para mostrar el formulario de login, Jhonatan enters '1064189399' into Ingresar el nombre de usuario, Jhonatan enters '1064189399Jp@' into Ingresar la contraseÃ±a, Jhonatan clicks on Dar click para ingresar a la pagina]], Cuando el busca un el curso de en la academia choucair
| strCourse |
| Foundation Level | [Jhonatan buscar curso [Jhonatan clicks on Ingresa a la vista de cursos y certificaciones]]
[Test worker] WARN net.thucydides.core.steps.BaseStepListener - stepStarted: net.thucydides.core.steps.ExecutedStepDescription@343ef83c
[Test worker] WARN net.thucydides.core.steps.BaseStepListener - stepFinished: current outcome:Buscar un curso de automatización.:Dado que Jhonatan quiere ingresar a choucair academy
| strUser | strPassword |
| 1064189399 | 1064189399Jp@ | [Jhonatan buscar [Jhonatan opens the Choucair academy page], Jhonatan login [Jhonatan clicks on Dar click para mostrar el formulario de login, Jhonatan enters '1064189399' into Ingresar el nombre de usuario, Jhonatan enters '1064189399Jp@' into Ingresar la contraseÃ±a, Jhonatan clicks on Dar click para ingresar a la pagina]], Cuando el busca un el curso de en la academia choucair
| strCourse |
| Foundation Level | [Jhonatan buscar curso [Jhonatan clicks on Ingresa a la vista de cursos y certificaciones, Jhonatan enters 'Foundation Level' into Campo de busqueda donde se ingresa el nombre del curso]]
[Test worker] WARN net.thucydides.core.steps.BaseStepListener - stepStarted: net.thucydides.core.steps.ExecutedStepDescription@7e2d4fa4
[Test worker] WARN net.thucydides.core.steps.BaseStepListener - stepFinished: current outcome:Buscar un curso de automatización.:Dado que Jhonatan quiere ingresar a choucair academy
| strUser | strPassword |
| 1064189399 | 1064189399Jp@ | [Jhonatan buscar [Jhonatan opens the Choucair academy page], Jhonatan login [Jhonatan clicks on Dar click para mostrar el formulario de login, Jhonatan enters '1064189399' into Ingresar el nombre de usuario, Jhonatan enters '1064189399Jp@' into Ingresar la contraseÃ±a, Jhonatan clicks on Dar click para ingresar a la pagina]], Cuando el busca un el curso de en la academia choucair
| strCourse |
| Foundation Level | [Jhonatan buscar curso [Jhonatan clicks on Ingresa a la vista de cursos y certificaciones, Jhonatan enters 'Foundation Level' into Campo de busqueda donde se ingresa el nombre del curso, Jhonatan clicks on Dar click para buscar el curso]]
[Test worker] WARN net.thucydides.core.steps.BaseStepListener - stepStarted: net.thucydides.core.steps.ExecutedStepDescription@2f667378
[Test worker] WARN net.thucydides.core.steps.BaseStepListener - stepFinished: current outcome:Buscar un curso de automatización.:Dado que Jhonatan quiere ingresar a choucair academy
| strUser | strPassword |
| 1064189399 | 1064189399Jp@ | [Jhonatan buscar [Jhonatan opens the Choucair academy page], Jhonatan login [Jhonatan clicks on Dar click para mostrar el formulario de login, Jhonatan enters '1064189399' into Ingresar el nombre de usuario, Jhonatan enters '1064189399Jp@' into Ingresar la contraseÃ±a, Jhonatan clicks on Dar click para ingresar a la pagina]], Cuando el busca un el curso de en la academia choucair
| strCourse |
| Foundation Level | [Jhonatan buscar curso [Jhonatan clicks on Ingresa a la vista de cursos y certificaciones, Jhonatan enters 'Foundation Level' into Campo de busqueda donde se ingresa el nombre del curso, Jhonatan clicks on Dar click para buscar el curso, Jhonatan clicks on Dar click en el nombre del curso]]
[Test worker] WARN net.thucydides.core.steps.BaseStepListener - stepFinished: current outcome:Buscar un curso de automatización.:Dado que Jhonatan quiere ingresar a choucair academy
| strUser | strPassword |
| 1064189399 | 1064189399Jp@ | [Jhonatan buscar [Jhonatan opens the Choucair academy page], Jhonatan login [Jhonatan clicks on Dar click para mostrar el formulario de login, Jhonatan enters '1064189399' into Ingresar el nombre de usuario, Jhonatan enters '1064189399Jp@' into Ingresar la contraseÃ±a, Jhonatan clicks on Dar click para ingresar a la pagina]], Cuando el busca un el curso de en la academia choucair
| strCourse |
| Foundation Level | [Jhonatan buscar curso [Jhonatan clicks on Ingresa a la vista de cursos y certificaciones, Jhonatan enters 'Foundation Level' into Campo de busqueda donde se ingresa el nombre del curso, Jhonatan clicks on Dar click para buscar el curso, Jhonatan clicks on Dar click en el nombre del curso]]
[Test worker] WARN net.thucydides.core.steps.BaseStepListener - stepFinished: current outcome:Buscar un curso de automatización.:Dado que Jhonatan quiere ingresar a choucair academy
| strUser | strPassword |
| 1064189399 | 1064189399Jp@ | [Jhonatan buscar [Jhonatan opens the Choucair academy page], Jhonatan login [Jhonatan clicks on Dar click para mostrar el formulario de login, Jhonatan enters '1064189399' into Ingresar el nombre de usuario, Jhonatan enters '1064189399Jp@' into Ingresar la contraseÃ±a, Jhonatan clicks on Dar click para ingresar a la pagina]], Cuando el busca un el curso de en la academia choucair
| strCourse |
| Foundation Level | [Jhonatan buscar curso [Jhonatan clicks on Ingresa a la vista de cursos y certificaciones, Jhonatan enters 'Foundation Level' into Campo de busqueda donde se ingresa el nombre del curso, Jhonatan clicks on Dar click para buscar el curso, Jhonatan clicks on Dar click en el nombre del curso]]
[Test worker] WARN net.thucydides.core.steps.BaseStepListener - stepStarted: net.thucydides.core.steps.ExecutedStepDescription@285fb071
[Test worker] WARN net.thucydides.core.steps.BaseStepListener - stepStarted: net.thucydides.core.steps.ExecutedStepDescription@144c3b4a
[Test worker] WARN net.thucydides.core.steps.BaseStepListener - stepFinished: current outcome:Buscar un curso de automatización.:Dado que Jhonatan quiere ingresar a choucair academy
| strUser | strPassword |
| 1064189399 | 1064189399Jp@ | [Jhonatan buscar [Jhonatan opens the Choucair academy page], Jhonatan login [Jhonatan clicks on Dar click para mostrar el formulario de login, Jhonatan enters '1064189399' into Ingresar el nombre de usuario, Jhonatan enters '1064189399Jp@' into Ingresar la contraseÃ±a, Jhonatan clicks on Dar click para ingresar a la pagina]], Cuando el busca un el curso de en la academia choucair
| strCourse |
| Foundation Level | [Jhonatan buscar curso [Jhonatan clicks on Ingresa a la vista de cursos y certificaciones, Jhonatan enters 'Foundation Level' into Campo de busqueda donde se ingresa el nombre del curso, Jhonatan clicks on Dar click para buscar el curso, Jhonatan clicks on Dar click en el nombre del curso]], Entonces el encontrara el curso llamado
| strCourse |
| Foundation Level | [Then answer]
[Test worker] WARN net.thucydides.core.steps.BaseStepListener - stepFinished: current outcome:Buscar un curso de automatización.:Dado que Jhonatan quiere ingresar a choucair academy
| strUser | strPassword |
| 1064189399 | 1064189399Jp@ | [Jhonatan buscar [Jhonatan opens the Choucair academy page], Jhonatan login [Jhonatan clicks on Dar click para mostrar el formulario de login, Jhonatan enters '1064189399' into Ingresar el nombre de usuario, Jhonatan enters '1064189399Jp@' into Ingresar la contraseÃ±a, Jhonatan clicks on Dar click para ingresar a la pagina]], Cuando el busca un el curso de en la academia choucair
| strCourse |
| Foundation Level | [Jhonatan buscar curso [Jhonatan clicks on Ingresa a la vista de cursos y certificaciones, Jhonatan enters 'Foundation Level' into Campo de busqueda donde se ingresa el nombre del curso, Jhonatan clicks on Dar click para buscar el curso, Jhonatan clicks on Dar click en el nombre del curso]], Entonces el encontrara el curso llamado
| strCourse |
| Foundation Level | [Then answer]
[Test worker] WARN net.thucydides.core.steps.BaseStepListener - testFinished: Buscar un curso de automatización.:Dado que Jhonatan quiere ingresar a choucair academy
| strUser | strPassword |
| 1064189399 | 1064189399Jp@ | [Jhonatan buscar [Jhonatan opens the Choucair academy page], Jhonatan login [Jhonatan clicks on Dar click para mostrar el formulario de login, Jhonatan enters '1064189399' into Ingresar el nombre de usuario, Jhonatan enters '1064189399Jp@' into Ingresar la contraseÃ±a, Jhonatan clicks on Dar click para ingresar a la pagina]], Cuando el busca un el curso de en la academia choucair
| strCourse |
| Foundation Level | [Jhonatan buscar curso [Jhonatan clicks on Ingresa a la vista de cursos y certificaciones, Jhonatan enters 'Foundation Level' into Campo de busqueda donde se ingresa el nombre del curso, Jhonatan clicks on Dar click para buscar el curso, Jhonatan clicks on Dar click en el nombre del curso]], Entonces el encontrara el curso llamado
| strCourse |
| Foundation Level | [Then answer]
[Test worker] WARN net.thucydides.core.steps.BaseStepListener - TestOutcomes: [Buscar un curso de automatización.:Dado que Jhonatan quiere ingresar a choucair academy
| strUser | strPassword |
| 1064189399 | 1064189399Jp@ | [Jhonatan buscar [Jhonatan opens the Choucair academy page], Jhonatan login [Jhonatan clicks on Dar click para mostrar el formulario de login, Jhonatan enters '1064189399' into Ingresar el nombre de usuario, Jhonatan enters '1064189399Jp@' into Ingresar la contraseÃ±a, Jhonatan clicks on Dar click para ingresar a la pagina]], Cuando el busca un el curso de en la academia choucair
| strCourse |
| Foundation Level | [Jhonatan buscar curso [Jhonatan clicks on Ingresa a la vista de cursos y certificaciones, Jhonatan enters 'Foundation Level' into Campo de busqueda donde se ingresa el nombre del curso, Jhonatan clicks on Dar click para buscar el curso, Jhonatan clicks on Dar click en el nombre del curso]], Entonces el encontrara el curso llamado
| strCourse |
| Foundation Level | [Then answer]]
[Test worker] WARN net.thucydides.core.steps.BaseStepListener - Final testOutcomes: [Buscar un curso de automatización.:Dado que Jhonatan quiere ingresar a choucair academy
| strUser | strPassword |
| 1064189399 | 1064189399Jp@ | [Jhonatan buscar [Jhonatan opens the Choucair academy page], Jhonatan login [Jhonatan clicks on Dar click para mostrar el formulario de login, Jhonatan enters '1064189399' into Ingresar el nombre de usuario, Jhonatan enters '1064189399Jp@' into Ingresar la contraseÃ±a, Jhonatan clicks on Dar click para ingresar a la pagina]], Cuando el busca un el curso de en la academia choucair
| strCourse |
| Foundation Level | [Jhonatan buscar curso [Jhonatan clicks on Ingresa a la vista de cursos y certificaciones, Jhonatan enters 'Foundation Level' into Campo de busqueda donde se ingresa el nombre del curso, Jhonatan clicks on Dar click para buscar el curso, Jhonatan clicks on Dar click en el nombre del curso]], Entonces el encontrara el curso llamado
| strCourse |
| Foundation Level | [Then answer]]
[Test worker] INFO net.thucydides.core.steps.ConsoleLoggingListener - 
        __    _____ _____ ____ _____   ____   _    ____  ____  _____ ____  
  _     \ \  |_   _| ____/ ___|_   _| |  _ \ / \  / ___|/ ___|| ____|  _ \ 
 (_)_____| |   | | |  _| \___ \ | |   | |_) / _ \ \___ \\___ \|  _| | | | |
  _|_____| |   | | | |___ ___) || |   |  __/ ___ \ ___) |___) | |___| |_| |
 (_)     | |   |_| |_____|____/ |_|   |_| /_/   \_\____/|____/|_____|____/ 
        /_/                                                                

TEST PASSED: Buscar un curso de automatización.
----------------------------------------------------------------------------
]]></system-err>
</testsuite>
